<?xml version="1.0" encoding="UTF-8"?>
<!-- Generated by org.testng.reporters.JUnitXMLReporter -->
<testsuite ignored="0" hostname="DESKTOP-CNH57O0" failures="2" tests="3" name="Error Validation Test" time="81.499" errors="0" timestamp="2025-04-07T12:53:12 GMT+01:00">
  <testcase classname="MohamedHafdi.Tests.ErrorValidation" name="logingErrorValidation" time="6.732">
    <skipped/>
  </testcase> <!-- logingErrorValidation -->
  <testcase classname="MohamedHafdi.Tests.ErrorValidation" name="logingErrorValidation" time="7.028">
    <failure type="java.lang.AssertionError" message="expected [Incorrect email password.] but found [Incorrect email or password.]">
      <![CDATA[java.lang.AssertionError: expected [Incorrect email password.] but found [Incorrect email or password.]
at MohamedHafdi.Tests.ErrorValidation.logingErrorValidation(ErrorValidation.java:35)
at java.base/java.util.ArrayList.forEach(ArrayList.java:1596)
at java.base/java.util.concurrent.FutureTask.run(FutureTask.java:317)
at java.base/java.util.concurrent.ThreadPoolExecutor.runWorker(ThreadPoolExecutor.java:1144)
at java.base/java.util.concurrent.ThreadPoolExecutor$Worker.run(ThreadPoolExecutor.java:642)
at java.base/java.lang.Thread.run(Thread.java:1583)
... Removed 21 stack frames]]>
    </failure>
  </testcase> <!-- logingErrorValidation -->
  <testcase classname="MohamedHafdi.Tests.ErrorValidation" name="productErrorValidation" time="18.703">
    <failure type="java.lang.AssertionError" message="expected [true] but found [false]">
      <![CDATA[java.lang.AssertionError: expected [true] but found [false]
at MohamedHafdi.Tests.ErrorValidation.productErrorValidation(ErrorValidation.java:49)
at java.base/java.util.ArrayList.forEach(ArrayList.java:1596)
at java.base/java.util.concurrent.FutureTask.run(FutureTask.java:317)
at java.base/java.util.concurrent.ThreadPoolExecutor.runWorker(ThreadPoolExecutor.java:1144)
at java.base/java.util.concurrent.ThreadPoolExecutor$Worker.run(ThreadPoolExecutor.java:642)
at java.base/java.lang.Thread.run(Thread.java:1583)
... Removed 19 stack frames]]>
    </failure>
  </testcase> <!-- productErrorValidation -->
</testsuite> <!-- Error Validation Test -->
